D:\Users\Zevi\labs\qaDemo\wwwroot\colorbox\
D:\Users\Zevi\labs\qaDemo\wwwroot\bootstrap4\
D:\Users\Zevi\labs\qaDemo\wwwroot\adminlte3\
D:\Users\Zevi\labs\qaDemo\wwwroot\css\
D:\Users\Zevi\labs\qaDemo\wwwroot\css\fonts\
D:\Users\Zevi\labs\qaDemo\wwwroot\plugins\
D:\Users\Zevi\labs\qaDemo\wwwroot\js\
D:\Users\Zevi\labs\qaDemo\wwwroot\js\
D:\Users\Zevi\labs\qaDemo\wwwroot\moment\
D:\Users\Zevi\labs\qaDemo\wwwroot\js\ewcfg.js
D:\Users\Zevi\labs\qaDemo\wwwroot\js\ew.js
D:\Users\Zevi\labs\qaDemo\wwwroot\html\
D:\Users\Zevi\labs\qaDemo\wwwroot\js\tempusdominus-bootstrap-4.js
D:\Users\Zevi\labs\qaDemo\wwwroot\js\ewdatetimepicker.js
D:\Users\Zevi\labs\qaDemo\wwwroot\css\tempusdominus-bootstrap-4.scss
D:\Users\Zevi\labs\qaDemo\wwwroot\css\_tempusdominus-bootstrap-4.scss
D:\Users\Zevi\labs\qaDemo\wwwroot\ckeditor\
D:\Users\Zevi\labs\qaDemo\Controllers\qacontroller.cs
D:\Users\Zevi\labs\qaDemo\Models\qainfo.cs
D:\Users\Zevi\labs\qaDemo\Views\Home\qalist.cshtml
D:\Users\Zevi\labs\qaDemo\Models\qalist.cs
D:\Users\Zevi\labs\qaDemo\wwwroot\js\ewcfg.js
D:\Users\Zevi\labs\qaDemo\wwwroot\js\ew.js
D:\Users\Zevi\labs\qaDemo\Models\ewcfg.cs
D:\Users\Zevi\labs\qaDemo\Models\userlevelsettings.cs
D:\Users\Zevi\labs\qaDemo\Models\ewpdfcfg.cs
D:\Users\Zevi\labs\qaDemo\Models\ewexcelcfg.cs
D:\Users\Zevi\labs\qaDemo\Models\ewglobal.cs
D:\Users\Zevi\labs\qaDemo\Views\Shared\_Layout.cshtml
D:\Users\Zevi\labs\qaDemo\Views\Shared\ewmenu.cshtml
D:\Users\Zevi\labs\qaDemo\Models\ewmenu.cs
D:\Users\Zevi\labs\qaDemo\Models\aspnetfn.cs
D:\Users\Zevi\labs\qaDemo\Models\ewevent.cs
D:\Users\Zevi\labs\qaDemo\Models\ChartTypes.cs
D:\Users\Zevi\labs\qaDemo\Models\ChartJsRenderer.cs
D:\Users\Zevi\labs\qaDemo\Models\ChartExporter.cs
D:\Users\Zevi\labs\qaDemo\wwwroot\js\userfn.js
D:\Users\Zevi\labs\qaDemo\wwwroot\js\userevt.js
D:\Users\Zevi\labs\qaDemo\Models\FileViewer.cs
D:\Users\Zevi\labs\qaDemo\Models\UploadHandler.cs
D:\Users\Zevi\labs\qaDemo\Views\Shared\ewemail.cshtml
D:\Users\Zevi\labs\qaDemo\Views\Home\Index.cshtml
D:\Users\Zevi\labs\qaDemo\Models\Index.cs
D:\Users\Zevi\labs\qaDemo\Controllers\ewcontroller.cs
D:\Users\Zevi\labs\qaDemo\Controllers\apicontroller.cs
D:\Users\Zevi\labs\qaDemo\Views\Shared\Error.cshtml
D:\Users\Zevi\labs\qaDemo\Models\Error.cs
D:\Users\Zevi\labs\qaDemo\appsettings.json
D:\Users\Zevi\labs\qaDemo\appsettings.Development.json
D:\Users\Zevi\labs\qaDemo\Program.cs
D:\Users\Zevi\labs\qaDemo\Startup.cs
D:\Users\Zevi\labs\qaDemo\Properties\launchSettings.json
D:\Users\Zevi\labs\qaDemo\Views\_ViewImports.cshtml
D:\Users\Zevi\labs\qaDemo\Views\_ViewStart.cshtml
D:\Users\Zevi\labs\qaDemo\web.config
D:\Users\Zevi\labs\qaDemo\project1.csproj
D:\Users\Zevi\labs\qaDemo\wwwroot\js\tempusdominus-bootstrap-4.js
D:\Users\Zevi\labs\qaDemo\wwwroot\js\ewdatetimepicker.js
D:\Users\Zevi\labs\qaDemo\wwwroot\js\eweditor.js